Invocazione del Costruttore!
Vettore vnull: dimensione = 0
Invocazione del Costruttore!
Vettore v: dimensione = 10
0 0 0 0 0 0 0 0 0 0 
Vettore v (dopo le modifiche): dimensione = 10
2 3 4 5 6 7 8 9 10 11 
Vettore w: dimensione = 10
2 3 4 5 6 7 8 9 10 11 
Cambio una componente di v
Vettore v: dimensione = 10
2 3 4 5 99 7 8 9 10 11 
Vettore w: dimensione = 10
2 3 4 5 6 7 8 9 10 11 
Invocazione del Costruttore!
Invocazione del Distruttore!
Invocazione del Distruttore!
Invocazione del Distruttore!
Invocazione del Distruttore!
 -c -o 